# JRE version: Java(TM) SE Runtime Environment (23.0.1+11) (build 23.0.1+11-39)
# Java VM: Java HotSpot(TM) 64-Bit Server VM (23.0.1+11-39, mixed mode, sharing, tiered, compressed oops, compressed class ptrs, g1 gc, windows-amd64)
GC Precious Log:
 CardTable entry size: 512
 Card Set container configuration: InlinePtr #cards 5 size 8 Array Of Cards #cards 10 size 36 Howl #buckets 4 coarsen threshold 1843 Howl Bitmap #cards 512 size 80 coarsen threshold 460 Card regions per heap region 1 cards per card region 2048
 CPUs: 4 total, 4 available
 Memory: 6081M
 Large Page Support: Disabled
 NUMA Support: Disabled
 Compressed Oops: Enabled (32-bit)
 Heap Region Size: 1M
 Heap Min Capacity: 8M
 Heap Initial Capacity: 8M
 Heap Max Capacity: 1522M
 Pre-touch: Disabled
 Parallel Workers: 4
 Concurrent Workers: 1
 Concurrent Refinement Workers: 4
 Periodic GC: Disabled
Heap:
 garbage-first heap   total reserved 1558528K, committed 11264K, used 6577K [0x00000000a0e00000, 0x0000000100000000)
  region size 1024K, 2 young (2048K), 1 survivors (1024K)
 Metaspace       used 9251K, committed 9472K, reserved 1114112K
  class space    used 1107K, committed 1216K, reserved 1048576K
GC Heap History (18 events):
Event: 0.795 GC heap before
{Heap before GC invocations=0 (full 0):
 garbage-first heap   total reserved 1558528K, committed 8192K, used 3072K [0x00000000a0e00000, 0x0000000100000000)
  region size 1024K, 4 young (4096K), 0 survivors (0K)
 Metaspace       used 5464K, committed 5632K, reserved 1114112K
  class space    used 665K, committed 768K, reserved 1048576K
}
Event: 0.806 GC heap after
{Heap after GC invocations=1 (full 0):
 garbage-first heap   total reserved 1558528K, committed 8192K, used 1800K [0x00000000a0e00000, 0x0000000100000000)
  region size 1024K, 1 young (1024K), 1 survivors (1024K)
 Metaspace       used 5464K, committed 5632K, reserved 1114112K
  class space    used 665K, committed 768K, reserved 1048576K
}
Event: 1.145 GC heap before
{Heap before GC invocations=1 (full 0):
 garbage-first heap   total reserved 1558528K, committed 8192K, used 3848K [0x00000000a0e00000, 0x0000000100000000)
  region size 1024K, 3 young (3072K), 1 survivors (1024K)
 Metaspace       used 7781K, committed 8000K, reserved 1114112K
  class space    used 924K, committed 1024K, reserved 1048576K
}
Event: 1.151 GC heap after
{Heap after GC invocations=2 (full 0):
 garbage-first heap   total reserved 1558528K, committed 8192K, used 2561K [0x00000000a0e00000, 0x0000000100000000)
  region size 1024K, 1 young (1024K), 1 survivors (1024K)
 Metaspace       used 7781K, committed 8000K, reserved 1114112K
  class space    used 924K, committed 1024K, reserved 1048576K
}
Event: 1.270 GC heap before
{Heap before GC invocations=2 (full 0):
 garbage-first heap   total reserved 1558528K, committed 8192K, used 4609K [0x00000000a0e00000, 0x0000000100000000)
  region size 1024K, 3 young (3072K), 1 survivors (1024K)
 Metaspace       used 8052K, committed 8320K, reserved 1114112K
  class space    used 955K, committed 1088K, reserved 1048576K
}
Event: 1.276 GC heap after
{Heap after GC invocations=3 (full 0):
 garbage-first heap   total reserved 1558528K, committed 8192K, used 3339K [0x00000000a0e00000, 0x0000000100000000)
  region size 1024K, 1 young (1024K), 1 survivors (1024K)
 Metaspace       used 8052K, committed 8320K, reserved 1114112K
  class space    used 955K, committed 1088K, reserved 1048576K
}
Event: 1.376 GC heap before
{Heap before GC invocations=3 (full 0):
 garbage-first heap   total reserved 1558528K, committed 8192K, used 5387K [0x00000000a0e00000, 0x0000000100000000)
  region size 1024K, 3 young (3072K), 1 survivors (1024K)
 Metaspace       used 8193K, committed 8384K, reserved 1114112K
  class space    used 974K, committed 1088K, reserved 1048576K
}
Event: 1.381 GC heap after
{Heap after GC invocations=4 (full 0):
 garbage-first heap   total reserved 1558528K, committed 8192K, used 3692K [0x00000000a0e00000, 0x0000000100000000)
  region size 1024K, 1 young (1024K), 1 survivors (1024K)
 Metaspace       used 8193K, committed 8384K, reserved 1114112K
  class space    used 974K, committed 1088K, reserved 1048576K
}
Event: 1.388 GC heap before
{Heap before GC invocations=4 (full 0):
 garbage-first heap   total reserved 1558528K, committed 8192K, used 4716K [0x00000000a0e00000, 0x0000000100000000)
  region size 1024K, 2 young (2048K), 1 survivors (1024K)
 Metaspace       used 8195K, committed 8448K, reserved 1114112K
  class space    used 974K, committed 1088K, reserved 1048576K
}
Event: 1.391 GC heap after
{Heap after GC invocations=5 (full 0):
 garbage-first heap   total reserved 1558528K, committed 11264K, used 3751K [0x00000000a0e00000, 0x0000000100000000)
  region size 1024K, 1 young (1024K), 1 survivors (1024K)
 Metaspace       used 8195K, committed 8448K, reserved 1114112K
  class space    used 974K, committed 1088K, reserved 1048576K
}
Event: 1.557 GC heap before
{Heap before GC invocations=6 (full 0):
 garbage-first heap   total reserved 1558528K, committed 11264K, used 6823K [0x00000000a0e00000, 0x0000000100000000)
  region size 1024K, 4 young (4096K), 1 survivors (1024K)
 Metaspace       used 8424K, committed 8640K, reserved 1114112K
  class space    used 1004K, committed 1088K, reserved 1048576K
}
Event: 1.561 GC heap after
{Heap after GC invocations=7 (full 0):
 garbage-first heap   total reserved 1558528K, committed 11264K, used 4417K [0x00000000a0e00000, 0x0000000100000000)
  region size 1024K, 1 young (1024K), 1 survivors (1024K)
 Metaspace       used 8424K, committed 8640K, reserved 1114112K
  class space    used 1004K, committed 1088K, reserved 1048576K
}
Event: 1.585 GC heap before
{Heap before GC invocations=7 (full 0):
 garbage-first heap   total reserved 1558528K, committed 11264K, used 7489K [0x00000000a0e00000, 0x0000000100000000)
  region size 1024K, 4 young (4096K), 1 survivors (1024K)
 Metaspace       used 8437K, committed 8640K, reserved 1114112K
  class space    used 1006K, committed 1088K, reserved 1048576K
}
Event: 1.589 GC heap after
{Heap after GC invocations=8 (full 0):
 garbage-first heap   total reserved 1558528K, committed 11264K, used 4929K [0x00000000a0e00000, 0x0000000100000000)
  region size 1024K, 1 young (1024K), 1 survivors (1024K)
 Metaspace       used 8437K, committed 8640K, reserved 1114112K
  class space    used 1006K, committed 1088K, reserved 1048576K
}
Event: 1.604 GC heap before
{Heap before GC invocations=8 (full 0):
 garbage-first heap   total reserved 1558528K, committed 11264K, used 8001K [0x00000000a0e00000, 0x0000000100000000)
  region size 1024K, 4 young (4096K), 1 survivors (1024K)
 Metaspace       used 8438K, committed 8640K, reserved 1114112K
  class space    used 1006K, committed 1088K, reserved 1048576K
}
Event: 1.607 GC heap after
{Heap after GC invocations=9 (full 0):
 garbage-first heap   total reserved 1558528K, committed 11264K, used 5265K [0x00000000a0e00000, 0x0000000100000000)
  region size 1024K, 1 young (1024K), 1 survivors (1024K)
 Metaspace       used 8438K, committed 8640K, reserved 1114112K
  class space    used 1006K, committed 1088K, reserved 1048576K
}
Event: 1.801 GC heap before
{Heap before GC invocations=10 (full 0):
 garbage-first heap   total reserved 1558528K, committed 11264K, used 8337K [0x00000000a0e00000, 0x0000000100000000)
  region size 1024K, 4 young (4096K), 1 survivors (1024K)
 Metaspace       used 8721K, committed 8960K, reserved 1114112K
  class space    used 1047K, committed 1152K, reserved 1048576K
}
Event: 1.806 GC heap after
{Heap after GC invocations=11 (full 0):
 garbage-first heap   total reserved 1558528K, committed 11264K, used 5860K [0x00000000a0e00000, 0x0000000100000000)
  region size 1024K, 1 young (1024K), 1 survivors (1024K)
 Metaspace       used 8721K, committed 8960K, reserved 1114112K
  class space    used 1047K, committed 1152K, reserved 1048576K
}

