# JRE version: OpenJDK Runtime Environment Temurin-21.0.7+6 (21.0.7+6) (build 21.0.7+6-LTS)
# Java VM: OpenJDK 64-Bit Server VM Temurin-21.0.7+6 (21.0.7+6-LTS, mixed mode, sharing, tiered, compressed oops, compressed class ptrs, parallel gc, windows-amd64)
GC Precious Log:
 CardTable entry size: 512
 CPUs: 4 total, 4 available
 Memory: 6081M
 Large Page Support: Disabled
 NUMA Support: Disabled
 Compressed Oops: Enabled (32-bit)
 Alignments: Space 512K, Generation 512K, Heap 2M
 Heap Min Capacity: 100M
 Heap Initial Capacity: 100M
 Heap Max Capacity: 2G
 Pre-touch: Disabled
 Parallel Workers: 4
Heap:
 PSYoungGen      total 3584K, used 1197K [0x00000000d5580000, 0x00000000d5a00000, 0x0000000100000000)
  eden space 2560K, 14% used [0x00000000d5580000,0x00000000d55db7e0,0x00000000d5800000)
  from space 1024K, 81% used [0x00000000d5800000,0x00000000d58d0010,0x00000000d5900000)
  to   space 1024K, 0% used [0x00000000d5900000,0x00000000d5900000,0x00000000d5a00000)
 ParOldGen       total 435712K, used 435317K [0x0000000080000000, 0x000000009a980000, 0x00000000d5580000)
  object space 435712K, 99% used [0x0000000080000000,0x000000009a91d4e8,0x000000009a980000)
 Metaspace       used 77054K, committed 78656K, reserved 1179648K
  class space    used 7956K, committed 8640K, reserved 1048576K
GC Heap History (20 events):
Event: 329.299 GC heap before
{Heap before GC invocations=685 (full 4):
 PSYoungGen      total 2048K, used 1741K [0x00000000d5580000, 0x00000000d5900000, 0x0000000100000000)
  eden space 1536K, 99% used [0x00000000d5580000,0x00000000d56ff4d0,0x00000000d5700000)
  from space 512K, 40% used [0x00000000d5880000,0x00000000d58b4010,0x00000000d5900000)
  to   space 512K, 0% used [0x00000000d5800000,0x00000000d5800000,0x00000000d5880000)
 ParOldGen       total 430080K, used 429708K [0x0000000080000000, 0x000000009a400000, 0x00000000d5580000)
  object space 430080K, 99% used [0x0000000080000000,0x000000009a3a3068,0x000000009a400000)
 Metaspace       used 76861K, committed 78400K, reserved 1179648K
  class space    used 7956K, committed 8640K, reserved 1048576K
}
Event: 329.301 GC heap after
{Heap after GC invocations=685 (full 4):
 PSYoungGen      total 2048K, used 432K [0x00000000d5580000, 0x00000000d5900000, 0x0000000100000000)
  eden space 1536K, 0% used [0x00000000d5580000,0x00000000d5580000,0x00000000d5700000)
  from space 512K, 84% used [0x00000000d5800000,0x00000000d586c010,0x00000000d5880000)
  to   space 512K, 0% used [0x00000000d5880000,0x00000000d5880000,0x00000000d5900000)
 ParOldGen       total 430080K, used 429740K [0x0000000080000000, 0x000000009a400000, 0x00000000d5580000)
  object space 430080K, 99% used [0x0000000080000000,0x000000009a3ab068,0x000000009a400000)
 Metaspace       used 76861K, committed 78400K, reserved 1179648K
  class space    used 7956K, committed 8640K, reserved 1048576K
}
Event: 329.608 GC heap before
{Heap before GC invocations=686 (full 4):
 PSYoungGen      total 2048K, used 1968K [0x00000000d5580000, 0x00000000d5900000, 0x0000000100000000)
  eden space 1536K, 100% used [0x00000000d5580000,0x00000000d5700000,0x00000000d5700000)
  from space 512K, 84% used [0x00000000d5800000,0x00000000d586c010,0x00000000d5880000)
  to   space 512K, 0% used [0x00000000d5880000,0x00000000d5880000,0x00000000d5900000)
 ParOldGen       total 430080K, used 429740K [0x0000000080000000, 0x000000009a400000, 0x00000000d5580000)
  object space 430080K, 99% used [0x0000000080000000,0x000000009a3ab068,0x000000009a400000)
 Metaspace       used 76873K, committed 78400K, reserved 1179648K
  class space    used 7956K, committed 8640K, reserved 1048576K
}
Event: 329.610 GC heap after
{Heap after GC invocations=686 (full 4):
 PSYoungGen      total 2048K, used 128K [0x00000000d5580000, 0x00000000d5900000, 0x0000000100000000)
  eden space 1536K, 0% used [0x00000000d5580000,0x00000000d5580000,0x00000000d5700000)
  from space 512K, 25% used [0x00000000d5880000,0x00000000d58a0000,0x00000000d5900000)
  to   space 512K, 0% used [0x00000000d5800000,0x00000000d5800000,0x00000000d5880000)
 ParOldGen       total 430080K, used 429764K [0x0000000080000000, 0x000000009a400000, 0x00000000d5580000)
  object space 430080K, 99% used [0x0000000080000000,0x000000009a3b1068,0x000000009a400000)
 Metaspace       used 76873K, committed 78400K, reserved 1179648K
  class space    used 7956K, committed 8640K, reserved 1048576K
}
Event: 329.968 GC heap before
{Heap before GC invocations=687 (full 4):
 PSYoungGen      total 2048K, used 1639K [0x00000000d5580000, 0x00000000d5900000, 0x0000000100000000)
  eden space 1536K, 98% used [0x00000000d5580000,0x00000000d56f9e88,0x00000000d5700000)
  from space 512K, 25% used [0x00000000d5880000,0x00000000d58a0000,0x00000000d5900000)
  to   space 512K, 0% used [0x00000000d5800000,0x00000000d5800000,0x00000000d5880000)
 ParOldGen       total 430080K, used 429764K [0x0000000080000000, 0x000000009a400000, 0x00000000d5580000)
  object space 430080K, 99% used [0x0000000080000000,0x000000009a3b1068,0x000000009a400000)
 Metaspace       used 76874K, committed 78400K, reserved 1179648K
  class space    used 7956K, committed 8640K, reserved 1048576K
}
Event: 329.970 GC heap after
{Heap after GC invocations=687 (full 4):
 PSYoungGen      total 2048K, used 486K [0x00000000d5580000, 0x00000000d5900000, 0x0000000100000000)
  eden space 1536K, 0% used [0x00000000d5580000,0x00000000d5580000,0x00000000d5700000)
  from space 512K, 95% used [0x00000000d5800000,0x00000000d5879b18,0x00000000d5880000)
  to   space 512K, 0% used [0x00000000d5880000,0x00000000d5880000,0x00000000d5900000)
 ParOldGen       total 430080K, used 429780K [0x0000000080000000, 0x000000009a400000, 0x00000000d5580000)
  object space 430080K, 99% used [0x0000000080000000,0x000000009a3b5068,0x000000009a400000)
 Metaspace       used 76874K, committed 78400K, reserved 1179648K
  class space    used 7956K, committed 8640K, reserved 1048576K
}
Event: 329.975 GC heap before
{Heap before GC invocations=688 (full 4):
 PSYoungGen      total 2048K, used 2022K [0x00000000d5580000, 0x00000000d5900000, 0x0000000100000000)
  eden space 1536K, 100% used [0x00000000d5580000,0x00000000d5700000,0x00000000d5700000)
  from space 512K, 95% used [0x00000000d5800000,0x00000000d5879b18,0x00000000d5880000)
  to   space 512K, 0% used [0x00000000d5880000,0x00000000d5880000,0x00000000d5900000)
 ParOldGen       total 430080K, used 429780K [0x0000000080000000, 0x000000009a400000, 0x00000000d5580000)
  object space 430080K, 99% used [0x0000000080000000,0x000000009a3b5068,0x000000009a400000)
 Metaspace       used 76874K, committed 78400K, reserved 1179648K
  class space    used 7956K, committed 8640K, reserved 1048576K
}
Event: 329.979 GC heap after
{Heap after GC invocations=688 (full 4):
 PSYoungGen      total 1024K, used 486K [0x00000000d5580000, 0x00000000d5c00000, 0x0000000100000000)
  eden space 512K, 0% used [0x00000000d5580000,0x00000000d5580000,0x00000000d5600000)
  from space 512K, 95% used [0x00000000d5880000,0x00000000d58f9b18,0x00000000d5900000)
  to   space 2560K, 0% used [0x00000000d5600000,0x00000000d5600000,0x00000000d5880000)
 ParOldGen       total 431616K, used 431185K [0x0000000080000000, 0x000000009a580000, 0x00000000d5580000)
  object space 431616K, 99% used [0x0000000080000000,0x000000009a5145d0,0x000000009a580000)
 Metaspace       used 76874K, committed 78400K, reserved 1179648K
  class space    used 7956K, committed 8640K, reserved 1048576K
}
Event: 329.983 GC heap before
{Heap before GC invocations=689 (full 4):
 PSYoungGen      total 1024K, used 998K [0x00000000d5580000, 0x00000000d5c00000, 0x0000000100000000)
  eden space 512K, 100% used [0x00000000d5580000,0x00000000d5600000,0x00000000d5600000)
  from space 512K, 95% used [0x00000000d5880000,0x00000000d58f9b18,0x00000000d5900000)
  to   space 2560K, 0% used [0x00000000d5600000,0x00000000d5600000,0x00000000d5880000)
 ParOldGen       total 431616K, used 431185K [0x0000000080000000, 0x000000009a580000, 0x00000000d5580000)
  object space 431616K, 99% used [0x0000000080000000,0x000000009a5145d0,0x000000009a580000)
 Metaspace       used 76874K, committed 78400K, reserved 1179648K
  class space    used 7956K, committed 8640K, reserved 1048576K
}
Event: 329.986 GC heap after
{Heap after GC invocations=689 (full 4):
 PSYoungGen      total 1536K, used 544K [0x00000000d5580000, 0x00000000d5980000, 0x0000000100000000)
  eden space 512K, 0% used [0x00000000d5580000,0x00000000d5580000,0x00000000d5600000)
  from space 1024K, 53% used [0x00000000d5600000,0x00000000d5688000,0x00000000d5700000)
  to   space 1536K, 0% used [0x00000000d5800000,0x00000000d5800000,0x00000000d5980000)
 ParOldGen       total 432128K, used 431696K [0x0000000080000000, 0x000000009a600000, 0x00000000d5580000)
  object space 432128K, 99% used [0x0000000080000000,0x000000009a5940e8,0x000000009a600000)
 Metaspace       used 76874K, committed 78400K, reserved 1179648K
  class space    used 7956K, committed 8640K, reserved 1048576K
}
Event: 329.987 GC heap before
{Heap before GC invocations=690 (full 4):
 PSYoungGen      total 1536K, used 1056K [0x00000000d5580000, 0x00000000d5980000, 0x0000000100000000)
  eden space 512K, 100% used [0x00000000d5580000,0x00000000d5600000,0x00000000d5600000)
  from space 1024K, 53% used [0x00000000d5600000,0x00000000d5688000,0x00000000d5700000)
  to   space 1536K, 0% used [0x00000000d5800000,0x00000000d5800000,0x00000000d5980000)
 ParOldGen       total 432128K, used 431696K [0x0000000080000000, 0x000000009a600000, 0x00000000d5580000)
  object space 432128K, 99% used [0x0000000080000000,0x000000009a5940e8,0x000000009a600000)
 Metaspace       used 76874K, committed 78400K, reserved 1179648K
  class space    used 7956K, committed 8640K, reserved 1048576K
}
Event: 329.990 GC heap after
{Heap after GC invocations=690 (full 4):
 PSYoungGen      total 2048K, used 544K [0x00000000d5580000, 0x00000000d5900000, 0x0000000100000000)
  eden space 1024K, 0% used [0x00000000d5580000,0x00000000d5580000,0x00000000d5680000)
  from space 1024K, 53% used [0x00000000d5800000,0x00000000d5888000,0x00000000d5900000)
  to   space 1024K, 0% used [0x00000000d5700000,0x00000000d5700000,0x00000000d5800000)
 ParOldGen       total 432640K, used 432160K [0x0000000080000000, 0x000000009a680000, 0x00000000d5580000)
  object space 432640K, 99% used [0x0000000080000000,0x000000009a6080e8,0x000000009a680000)
 Metaspace       used 76874K, committed 78400K, reserved 1179648K
  class space    used 7956K, committed 8640K, reserved 1048576K
}
Event: 329.993 GC heap before
{Heap before GC invocations=691 (full 4):
 PSYoungGen      total 2048K, used 1568K [0x00000000d5580000, 0x00000000d5900000, 0x0000000100000000)
  eden space 1024K, 100% used [0x00000000d5580000,0x00000000d5680000,0x00000000d5680000)
  from space 1024K, 53% used [0x00000000d5800000,0x00000000d5888000,0x00000000d5900000)
  to   space 1024K, 0% used [0x00000000d5700000,0x00000000d5700000,0x00000000d5800000)
 ParOldGen       total 432640K, used 432160K [0x0000000080000000, 0x000000009a680000, 0x00000000d5580000)
  object space 432640K, 99% used [0x0000000080000000,0x000000009a6080e8,0x000000009a680000)
 Metaspace       used 76874K, committed 78400K, reserved 1179648K
  class space    used 7956K, committed 8640K, reserved 1048576K
}
Event: 329.997 GC heap after
{Heap after GC invocations=691 (full 4):
 PSYoungGen      total 2560K, used 1024K [0x00000000d5580000, 0x00000000d5b00000, 0x0000000100000000)
  eden space 1536K, 0% used [0x00000000d5580000,0x00000000d5580000,0x00000000d5700000)
  from space 1024K, 100% used [0x00000000d5700000,0x00000000d5800000,0x00000000d5800000)
  to   space 2048K, 0% used [0x00000000d5900000,0x00000000d5900000,0x00000000d5b00000)
 ParOldGen       total 433152K, used 432640K [0x0000000080000000, 0x000000009a700000, 0x00000000d5580000)
  object space 433152K, 99% used [0x0000000080000000,0x000000009a6800e8,0x000000009a700000)
 Metaspace       used 76874K, committed 78400K, reserved 1179648K
  class space    used 7956K, committed 8640K, reserved 1048576K
}
Event: 330.002 GC heap before
{Heap before GC invocations=692 (full 4):
 PSYoungGen      total 2560K, used 2560K [0x00000000d5580000, 0x00000000d5b00000, 0x0000000100000000)
  eden space 1536K, 100% used [0x00000000d5580000,0x00000000d5700000,0x00000000d5700000)
  from space 1024K, 100% used [0x00000000d5700000,0x00000000d5800000,0x00000000d5800000)
  to   space 2048K, 0% used [0x00000000d5900000,0x00000000d5900000,0x00000000d5b00000)
 ParOldGen       total 433152K, used 432640K [0x0000000080000000, 0x000000009a700000, 0x00000000d5580000)
  object space 433152K, 99% used [0x0000000080000000,0x000000009a6800e8,0x000000009a700000)
 Metaspace       used 76874K, committed 78400K, reserved 1179648K
  class space    used 7956K, committed 8640K, reserved 1048576K
}
Event: 330.006 GC heap after
{Heap after GC invocations=692 (full 4):
 PSYoungGen      total 3072K, used 640K [0x00000000d5580000, 0x00000000d5a00000, 0x0000000100000000)
  eden space 2048K, 0% used [0x00000000d5580000,0x00000000d5580000,0x00000000d5780000)
  from space 1024K, 62% used [0x00000000d5900000,0x00000000d59a0000,0x00000000d5a00000)
  to   space 1024K, 0% used [0x00000000d5800000,0x00000000d5800000,0x00000000d5900000)
 ParOldGen       total 433664K, used 433648K [0x0000000080000000, 0x000000009a780000, 0x00000000d5580000)
  object space 433664K, 99% used [0x0000000080000000,0x000000009a77c0e8,0x000000009a780000)
 Metaspace       used 76874K, committed 78400K, reserved 1179648K
  class space    used 7956K, committed 8640K, reserved 1048576K
}
Event: 330.017 GC heap before
{Heap before GC invocations=693 (full 4):
 PSYoungGen      total 3072K, used 2688K [0x00000000d5580000, 0x00000000d5a00000, 0x0000000100000000)
  eden space 2048K, 100% used [0x00000000d5580000,0x00000000d5780000,0x00000000d5780000)
  from space 1024K, 62% used [0x00000000d5900000,0x00000000d59a0000,0x00000000d5a00000)
  to   space 1024K, 0% used [0x00000000d5800000,0x00000000d5800000,0x00000000d5900000)
 ParOldGen       total 433664K, used 433648K [0x0000000080000000, 0x000000009a780000, 0x00000000d5580000)
  object space 433664K, 99% used [0x0000000080000000,0x000000009a77c0e8,0x000000009a780000)
 Metaspace       used 76875K, committed 78400K, reserved 1179648K
  class space    used 7956K, committed 8640K, reserved 1048576K
}
Event: 330.021 GC heap after
{Heap after GC invocations=693 (full 4):
 PSYoungGen      total 3584K, used 640K [0x00000000d5580000, 0x00000000d5a00000, 0x0000000100000000)
  eden space 2560K, 0% used [0x00000000d5580000,0x00000000d5580000,0x00000000d5800000)
  from space 1024K, 62% used [0x00000000d5800000,0x00000000d58a0000,0x00000000d5900000)
  to   space 1024K, 0% used [0x00000000d5900000,0x00000000d5900000,0x00000000d5a00000)
 ParOldGen       total 434176K, used 434136K [0x0000000080000000, 0x000000009a800000, 0x00000000d5580000)
  object space 434176K, 99% used [0x0000000080000000,0x000000009a7f60e8,0x000000009a800000)
 Metaspace       used 76875K, committed 78400K, reserved 1179648K
  class space    used 7956K, committed 8640K, reserved 1048576K
}
Event: 330.171 GC heap before
{Heap before GC invocations=694 (full 4):
 PSYoungGen      total 3584K, used 3200K [0x00000000d5580000, 0x00000000d5a00000, 0x0000000100000000)
  eden space 2560K, 100% used [0x00000000d5580000,0x00000000d5800000,0x00000000d5800000)
  from space 1024K, 62% used [0x00000000d5800000,0x00000000d58a0000,0x00000000d5900000)
  to   space 1024K, 0% used [0x00000000d5900000,0x00000000d5900000,0x00000000d5a00000)
 ParOldGen       total 434176K, used 434136K [0x0000000080000000, 0x000000009a800000, 0x00000000d5580000)
  object space 434176K, 99% used [0x0000000080000000,0x000000009a7f60e8,0x000000009a800000)
 Metaspace       used 76937K, committed 78464K, reserved 1179648K
  class space    used 7956K, committed 8640K, reserved 1048576K
}
Event: 330.174 GC heap after
{Heap after GC invocations=694 (full 4):
 PSYoungGen      total 3584K, used 800K [0x00000000d5580000, 0x00000000d5a80000, 0x0000000100000000)
  eden space 2560K, 0% used [0x00000000d5580000,0x00000000d5580000,0x00000000d5800000)
  from space 1024K, 78% used [0x00000000d5900000,0x00000000d59c8000,0x00000000d5a00000)
  to   space 1024K, 0% used [0x00000000d5800000,0x00000000d5800000,0x00000000d5900000)
 ParOldGen       total 434688K, used 434635K [0x0000000080000000, 0x000000009a880000, 0x00000000d5580000)
  object space 434688K, 99% used [0x0000000080000000,0x000000009a872c58,0x000000009a880000)
 Metaspace       used 76937K, committed 78464K, reserved 1179648K
  class space    used 7956K, committed 8640K, reserved 1048576K
}

