# JRE version: OpenJDK Runtime Environment Temurin-21.0.7+6 (21.0.7+6) (build 21.0.7+6-LTS)
# Java VM: OpenJDK 64-Bit Server VM Temurin-21.0.7+6 (21.0.7+6-LTS, mixed mode, sharing, tiered, compressed oops, compressed class ptrs, parallel gc, windows-amd64)
GC Precious Log:
 CardTable entry size: 512
 CPUs: 4 total, 4 available
 Memory: 6081M
 Large Page Support: Disabled
 NUMA Support: Disabled
 Compressed Oops: Enabled (32-bit)
 Alignments: Space 512K, Generation 512K, Heap 2M
 Heap Min Capacity: 100M
 Heap Initial Capacity: 100M
 Heap Max Capacity: 2G
 Pre-touch: Disabled
 Parallel Workers: 4
Heap:
 PSYoungGen      total 19456K, used 19450K [0x00000000d5580000, 0x00000000d7400000, 0x0000000100000000)
  eden space 15872K, 100% used [0x00000000d5580000,0x00000000d6500000,0x00000000d6500000)
  from space 3584K, 99% used [0x00000000d6580000,0x00000000d68fe800,0x00000000d6900000)
  to   space 7680K, 48% used [0x00000000d6c80000,0x00000000d7026ed0,0x00000000d7400000)
 ParOldGen       total 79360K, used 79356K [0x0000000080000000, 0x0000000084d80000, 0x00000000d5580000)
  object space 79360K, 99% used [0x0000000080000000,0x0000000084d7f3c0,0x0000000084d80000)
 Metaspace       used 61619K, committed 62976K, reserved 1114112K
  class space    used 6595K, committed 7232K, reserved 1048576K
GC Heap History (20 events):
Event: 61.724 GC heap after
{Heap after GC invocations=39 (full 3):
 PSYoungGen      total 18432K, used 416K [0x00000000d5580000, 0x00000000d6a80000, 0x0000000100000000)
  eden space 17920K, 0% used [0x00000000d5580000,0x00000000d5580000,0x00000000d6700000)
  from space 512K, 81% used [0x00000000d6a00000,0x00000000d6a68248,0x00000000d6a80000)
  to   space 1536K, 0% used [0x00000000d6780000,0x00000000d6780000,0x00000000d6900000)
 ParOldGen       total 68608K, used 53128K [0x0000000080000000, 0x0000000084300000, 0x00000000d5580000)
  object space 68608K, 77% used [0x0000000080000000,0x00000000833e23a0,0x0000000084300000)
 Metaspace       used 59388K, committed 60672K, reserved 1114112K
  class space    used 6395K, committed 6976K, reserved 1048576K
}
Event: 61.927 GC heap before
{Heap before GC invocations=40 (full 3):
 PSYoungGen      total 18432K, used 18336K [0x00000000d5580000, 0x00000000d6a80000, 0x0000000100000000)
  eden space 17920K, 99% used [0x00000000d5580000,0x00000000d66ffff0,0x00000000d6700000)
  from space 512K, 81% used [0x00000000d6a00000,0x00000000d6a68248,0x00000000d6a80000)
  to   space 1536K, 0% used [0x00000000d6780000,0x00000000d6780000,0x00000000d6900000)
 ParOldGen       total 68608K, used 53128K [0x0000000080000000, 0x0000000084300000, 0x00000000d5580000)
  object space 68608K, 77% used [0x0000000080000000,0x00000000833e23a0,0x0000000084300000)
 Metaspace       used 60628K, committed 61888K, reserved 1114112K
  class space    used 6501K, committed 7040K, reserved 1048576K
}
Event: 61.930 GC heap after
{Heap after GC invocations=40 (full 3):
 PSYoungGen      total 19456K, used 908K [0x00000000d5580000, 0x00000000d6a80000, 0x0000000100000000)
  eden space 17920K, 0% used [0x00000000d5580000,0x00000000d5580000,0x00000000d6700000)
  from space 1536K, 59% used [0x00000000d6780000,0x00000000d68633e8,0x00000000d6900000)
  to   space 1024K, 0% used [0x00000000d6980000,0x00000000d6980000,0x00000000d6a80000)
 ParOldGen       total 68608K, used 53270K [0x0000000080000000, 0x0000000084300000, 0x00000000d5580000)
  object space 68608K, 77% used [0x0000000080000000,0x0000000083405bc8,0x0000000084300000)
 Metaspace       used 60628K, committed 61888K, reserved 1114112K
  class space    used 6501K, committed 7040K, reserved 1048576K
}
Event: 62.377 GC heap before
{Heap before GC invocations=41 (full 3):
 PSYoungGen      total 19456K, used 18828K [0x00000000d5580000, 0x00000000d6a80000, 0x0000000100000000)
  eden space 17920K, 100% used [0x00000000d5580000,0x00000000d6700000,0x00000000d6700000)
  from space 1536K, 59% used [0x00000000d6780000,0x00000000d68633e8,0x00000000d6900000)
  to   space 1024K, 0% used [0x00000000d6980000,0x00000000d6980000,0x00000000d6a80000)
 ParOldGen       total 68608K, used 53270K [0x0000000080000000, 0x0000000084300000, 0x00000000d5580000)
  object space 68608K, 77% used [0x0000000080000000,0x0000000083405bc8,0x0000000084300000)
 Metaspace       used 61507K, committed 62848K, reserved 1114112K
  class space    used 6588K, committed 7232K, reserved 1048576K
}
Event: 62.382 GC heap after
{Heap after GC invocations=41 (full 3):
 PSYoungGen      total 17408K, used 1021K [0x00000000d5580000, 0x00000000d6f00000, 0x0000000100000000)
  eden space 16384K, 0% used [0x00000000d5580000,0x00000000d5580000,0x00000000d6580000)
  from space 1024K, 99% used [0x00000000d6980000,0x00000000d6a7f7c8,0x00000000d6a80000)
  to   space 4096K, 0% used [0x00000000d6580000,0x00000000d6580000,0x00000000d6980000)
 ParOldGen       total 68608K, used 55819K [0x0000000080000000, 0x0000000084300000, 0x00000000d5580000)
  object space 68608K, 81% used [0x0000000080000000,0x0000000083682cd8,0x0000000084300000)
 Metaspace       used 61507K, committed 62848K, reserved 1114112K
  class space    used 6588K, committed 7232K, reserved 1048576K
}
Event: 62.681 GC heap before
{Heap before GC invocations=42 (full 3):
 PSYoungGen      total 17408K, used 17405K [0x00000000d5580000, 0x00000000d6f00000, 0x0000000100000000)
  eden space 16384K, 100% used [0x00000000d5580000,0x00000000d6580000,0x00000000d6580000)
  from space 1024K, 99% used [0x00000000d6980000,0x00000000d6a7f7c8,0x00000000d6a80000)
  to   space 4096K, 0% used [0x00000000d6580000,0x00000000d6580000,0x00000000d6980000)
 ParOldGen       total 68608K, used 55819K [0x0000000080000000, 0x0000000084300000, 0x00000000d5580000)
  object space 68608K, 81% used [0x0000000080000000,0x0000000083682cd8,0x0000000084300000)
 Metaspace       used 61585K, committed 62912K, reserved 1114112K
  class space    used 6594K, committed 7232K, reserved 1048576K
}
Event: 62.686 GC heap after
{Heap after GC invocations=42 (full 3):
 PSYoungGen      total 20480K, used 3581K [0x00000000d5580000, 0x00000000d6d80000, 0x0000000100000000)
  eden space 16384K, 0% used [0x00000000d5580000,0x00000000d5580000,0x00000000d6580000)
  from space 4096K, 87% used [0x00000000d6580000,0x00000000d68ff450,0x00000000d6980000)
  to   space 4096K, 0% used [0x00000000d6980000,0x00000000d6980000,0x00000000d6d80000)
 ParOldGen       total 68608K, used 56821K [0x0000000080000000, 0x0000000084300000, 0x00000000d5580000)
  object space 68608K, 82% used [0x0000000080000000,0x000000008377d6e0,0x0000000084300000)
 Metaspace       used 61585K, committed 62912K, reserved 1114112K
  class space    used 6594K, committed 7232K, reserved 1048576K
}
Event: 62.827 GC heap before
{Heap before GC invocations=43 (full 3):
 PSYoungGen      total 20480K, used 19965K [0x00000000d5580000, 0x00000000d6d80000, 0x0000000100000000)
  eden space 16384K, 100% used [0x00000000d5580000,0x00000000d6580000,0x00000000d6580000)
  from space 4096K, 87% used [0x00000000d6580000,0x00000000d68ff450,0x00000000d6980000)
  to   space 4096K, 0% used [0x00000000d6980000,0x00000000d6980000,0x00000000d6d80000)
 ParOldGen       total 68608K, used 56821K [0x0000000080000000, 0x0000000084300000, 0x00000000d5580000)
  object space 68608K, 82% used [0x0000000080000000,0x000000008377d6e0,0x0000000084300000)
 Metaspace       used 61585K, committed 62912K, reserved 1114112K
  class space    used 6594K, committed 7232K, reserved 1048576K
}
Event: 62.835 GC heap after
{Heap after GC invocations=43 (full 3):
 PSYoungGen      total 19968K, used 4022K [0x00000000d5580000, 0x00000000d6e80000, 0x0000000100000000)
  eden space 15872K, 0% used [0x00000000d5580000,0x00000000d5580000,0x00000000d6500000)
  from space 4096K, 98% used [0x00000000d6980000,0x00000000d6d6dba8,0x00000000d6d80000)
  to   space 4608K, 0% used [0x00000000d6500000,0x00000000d6500000,0x00000000d6980000)
 ParOldGen       total 68608K, used 60187K [0x0000000080000000, 0x0000000084300000, 0x00000000d5580000)
  object space 68608K, 87% used [0x0000000080000000,0x0000000083ac6d58,0x0000000084300000)
 Metaspace       used 61585K, committed 62912K, reserved 1114112K
  class space    used 6594K, committed 7232K, reserved 1048576K
}
Event: 62.947 GC heap before
{Heap before GC invocations=44 (full 3):
 PSYoungGen      total 19968K, used 19894K [0x00000000d5580000, 0x00000000d6e80000, 0x0000000100000000)
  eden space 15872K, 100% used [0x00000000d5580000,0x00000000d6500000,0x00000000d6500000)
  from space 4096K, 98% used [0x00000000d6980000,0x00000000d6d6dba8,0x00000000d6d80000)
  to   space 4608K, 0% used [0x00000000d6500000,0x00000000d6500000,0x00000000d6980000)
 ParOldGen       total 68608K, used 60187K [0x0000000080000000, 0x0000000084300000, 0x00000000d5580000)
  object space 68608K, 87% used [0x0000000080000000,0x0000000083ac6d58,0x0000000084300000)
 Metaspace       used 61605K, committed 62976K, reserved 1114112K
  class space    used 6595K, committed 7232K, reserved 1048576K
}
Event: 62.958 GC heap after
{Heap after GC invocations=44 (full 3):
 PSYoungGen      total 19968K, used 3648K [0x00000000d5580000, 0x00000000d6d00000, 0x0000000100000000)
  eden space 15872K, 0% used [0x00000000d5580000,0x00000000d5580000,0x00000000d6500000)
  from space 4096K, 89% used [0x00000000d6500000,0x00000000d6890048,0x00000000d6900000)
  to   space 4096K, 0% used [0x00000000d6900000,0x00000000d6900000,0x00000000d6d00000)
 ParOldGen       total 68608K, used 63936K [0x0000000080000000, 0x0000000084300000, 0x00000000d5580000)
  object space 68608K, 93% used [0x0000000080000000,0x0000000083e70008,0x0000000084300000)
 Metaspace       used 61605K, committed 62976K, reserved 1114112K
  class space    used 6595K, committed 7232K, reserved 1048576K
}
Event: 63.067 GC heap before
{Heap before GC invocations=45 (full 3):
 PSYoungGen      total 19968K, used 19520K [0x00000000d5580000, 0x00000000d6d00000, 0x0000000100000000)
  eden space 15872K, 100% used [0x00000000d5580000,0x00000000d6500000,0x00000000d6500000)
  from space 4096K, 89% used [0x00000000d6500000,0x00000000d6890048,0x00000000d6900000)
  to   space 4096K, 0% used [0x00000000d6900000,0x00000000d6900000,0x00000000d6d00000)
 ParOldGen       total 68608K, used 63936K [0x0000000080000000, 0x0000000084300000, 0x00000000d5580000)
  object space 68608K, 93% used [0x0000000080000000,0x0000000083e70008,0x0000000084300000)
 Metaspace       used 61610K, committed 62976K, reserved 1114112K
  class space    used 6595K, committed 7232K, reserved 1048576K
}
Event: 63.076 GC heap after
{Heap after GC invocations=45 (full 3):
 PSYoungGen      total 19968K, used 3677K [0x00000000d5580000, 0x00000000d6d00000, 0x0000000100000000)
  eden space 15872K, 0% used [0x00000000d5580000,0x00000000d5580000,0x00000000d6500000)
  from space 4096K, 89% used [0x00000000d6900000,0x00000000d6c97408,0x00000000d6d00000)
  to   space 4096K, 0% used [0x00000000d6500000,0x00000000d6500000,0x00000000d6900000)
 ParOldGen       total 68608K, used 67430K [0x0000000080000000, 0x0000000084300000, 0x00000000d5580000)
  object space 68608K, 98% used [0x0000000080000000,0x00000000841d9b78,0x0000000084300000)
 Metaspace       used 61610K, committed 62976K, reserved 1114112K
  class space    used 6595K, committed 7232K, reserved 1048576K
}
Event: 63.190 GC heap before
{Heap before GC invocations=46 (full 3):
 PSYoungGen      total 19968K, used 19549K [0x00000000d5580000, 0x00000000d6d00000, 0x0000000100000000)
  eden space 15872K, 100% used [0x00000000d5580000,0x00000000d6500000,0x00000000d6500000)
  from space 4096K, 89% used [0x00000000d6900000,0x00000000d6c97408,0x00000000d6d00000)
  to   space 4096K, 0% used [0x00000000d6500000,0x00000000d6500000,0x00000000d6900000)
 ParOldGen       total 68608K, used 67430K [0x0000000080000000, 0x0000000084300000, 0x00000000d5580000)
  object space 68608K, 98% used [0x0000000080000000,0x00000000841d9b78,0x0000000084300000)
 Metaspace       used 61612K, committed 62976K, reserved 1114112K
  class space    used 6595K, committed 7232K, reserved 1048576K
}
Event: 63.201 GC heap after
{Heap after GC invocations=46 (full 3):
 PSYoungGen      total 19968K, used 3560K [0x00000000d5580000, 0x00000000d6d00000, 0x0000000100000000)
  eden space 15872K, 0% used [0x00000000d5580000,0x00000000d5580000,0x00000000d6500000)
  from space 4096K, 86% used [0x00000000d6500000,0x00000000d687a1a0,0x00000000d6900000)
  to   space 4096K, 0% used [0x00000000d6900000,0x00000000d6900000,0x00000000d6d00000)
 ParOldGen       total 72192K, used 71821K [0x0000000080000000, 0x0000000084680000, 0x00000000d5580000)
  object space 72192K, 99% used [0x0000000080000000,0x00000000846234a0,0x0000000084680000)
 Metaspace       used 61612K, committed 62976K, reserved 1114112K
  class space    used 6595K, committed 7232K, reserved 1048576K
}
Event: 63.311 GC heap before
{Heap before GC invocations=47 (full 3):
 PSYoungGen      total 19968K, used 19432K [0x00000000d5580000, 0x00000000d6d00000, 0x0000000100000000)
  eden space 15872K, 100% used [0x00000000d5580000,0x00000000d6500000,0x00000000d6500000)
  from space 4096K, 86% used [0x00000000d6500000,0x00000000d687a1a0,0x00000000d6900000)
  to   space 4096K, 0% used [0x00000000d6900000,0x00000000d6900000,0x00000000d6d00000)
 ParOldGen       total 72192K, used 71821K [0x0000000080000000, 0x0000000084680000, 0x00000000d5580000)
  object space 72192K, 99% used [0x0000000080000000,0x00000000846234a0,0x0000000084680000)
 Metaspace       used 61615K, committed 62976K, reserved 1114112K
  class space    used 6595K, committed 7232K, reserved 1048576K
}
Event: 63.319 GC heap after
{Heap after GC invocations=47 (full 3):
 PSYoungGen      total 19456K, used 3489K [0x00000000d5580000, 0x00000000d6c80000, 0x0000000100000000)
  eden space 15872K, 0% used [0x00000000d5580000,0x00000000d5580000,0x00000000d6500000)
  from space 3584K, 97% used [0x00000000d6900000,0x00000000d6c687a0,0x00000000d6c80000)
  to   space 3584K, 0% used [0x00000000d6580000,0x00000000d6580000,0x00000000d6900000)
 ParOldGen       total 75264K, used 75163K [0x0000000080000000, 0x0000000084980000, 0x00000000d5580000)
  object space 75264K, 99% used [0x0000000080000000,0x0000000084966e78,0x0000000084980000)
 Metaspace       used 61615K, committed 62976K, reserved 1114112K
  class space    used 6595K, committed 7232K, reserved 1048576K
}
Event: 63.421 GC heap before
{Heap before GC invocations=48 (full 3):
 PSYoungGen      total 19456K, used 19361K [0x00000000d5580000, 0x00000000d6c80000, 0x0000000100000000)
  eden space 15872K, 100% used [0x00000000d5580000,0x00000000d6500000,0x00000000d6500000)
  from space 3584K, 97% used [0x00000000d6900000,0x00000000d6c687a0,0x00000000d6c80000)
  to   space 3584K, 0% used [0x00000000d6580000,0x00000000d6580000,0x00000000d6900000)
 ParOldGen       total 75264K, used 75163K [0x0000000080000000, 0x0000000084980000, 0x00000000d5580000)
  object space 75264K, 99% used [0x0000000080000000,0x0000000084966e78,0x0000000084980000)
 Metaspace       used 61615K, committed 62976K, reserved 1114112K
  class space    used 6595K, committed 7232K, reserved 1048576K
}
Event: 63.428 GC heap after
{Heap after GC invocations=48 (full 3):
 PSYoungGen      total 19456K, used 3578K [0x00000000d5580000, 0x00000000d7400000, 0x0000000100000000)
  eden space 15872K, 0% used [0x00000000d5580000,0x00000000d5580000,0x00000000d6500000)
  from space 3584K, 99% used [0x00000000d6580000,0x00000000d68fe800,0x00000000d6900000)
  to   space 7680K, 0% used [0x00000000d6c80000,0x00000000d6c80000,0x00000000d7400000)
 ParOldGen       total 78848K, used 78538K [0x0000000080000000, 0x0000000084d00000, 0x00000000d5580000)
  object space 78848K, 99% used [0x0000000080000000,0x0000000084cb2958,0x0000000084d00000)
 Metaspace       used 61615K, committed 62976K, reserved 1114112K
  class space    used 6595K, committed 7232K, reserved 1048576K
}
Event: 63.525 GC heap before
{Heap before GC invocations=49 (full 3):
 PSYoungGen      total 19456K, used 19450K [0x00000000d5580000, 0x00000000d7400000, 0x0000000100000000)
  eden space 15872K, 100% used [0x00000000d5580000,0x00000000d6500000,0x00000000d6500000)
  from space 3584K, 99% used [0x00000000d6580000,0x00000000d68fe800,0x00000000d6900000)
  to   space 7680K, 0% used [0x00000000d6c80000,0x00000000d6c80000,0x00000000d7400000)
 ParOldGen       total 78848K, used 78538K [0x0000000080000000, 0x0000000084d00000, 0x00000000d5580000)
  object space 78848K, 99% used [0x0000000080000000,0x0000000084cb2958,0x0000000084d00000)
 Metaspace       used 61619K, committed 62976K, reserved 1114112K
  class space    used 6595K, committed 7232K, reserved 1048576K
}

